<?xml version="1.0" encoding="UTF-8"?>
<testsuite name="com.example.weatherbot.WeatherBotApplicationTests" tests="1" skipped="0" failures="0" errors="0" timestamp="2023-03-26T00:31:12" hostname="MAX" time="0.006">
  <properties/>
  <testcase name="contextLoads()" classname="com.example.weatherbot.WeatherBotApplicationTests" time="0.006"/>
  <system-out><![CDATA[2023-03-26T05:31:12.292+05:00  INFO 12576 --- [    Test worker] t.c.s.AnnotationConfigContextLoaderUtils : Could not detect default configuration classes for test class [com.example.weatherbot.WeatherBotApplicationTests]: WeatherBotApplicationTests does not declare any static, non-private, non-final, nested classes annotated with @Configuration.
2023-03-26T05:31:12.295+05:00  INFO 12576 --- [    Test worker] .b.t.c.SpringBootTestContextBootstrapper : Found @SpringBootConfiguration com.example.weatherbot.WeatherBotApplication for test class com.example.weatherbot.WeatherBotApplicationTests
]]></system-out>
  <system-err><![CDATA[]]></system-err>
</testsuite>
